"Reference","Value","Qty"
"C1","0.1uF","1"
"C2","0.1uF","1"
"C3","0.1uF","1"
"C4","0.1uF","1"
"C5","0.1uF","1"
"C6","0.1uF","1"
"C7","0.1uF","1"
"C8","0.1uF","1"
"C9","0.1uF","1"
"C10","0.1uF","1"
"C11","0.1uF","1"
"C12","0.1uF","1"
"C13","0.1uF","1"
"C14","0.1uF","1"
"C15","0.1uF","1"
"C16","0.1uF","1"
"C17","0.1uF","1"
"C18","0.1uF","1"
"C19","0.1uF","1"
"C20","0.1uF","1"
"C21","0.1uF","1"
"C22","0.1uF","1"
"C23","0.1uF","1"
"C24","0.1uF","1"
"C25","0.1uF","1"
"C26","0.1uF","1"
"C27","0.1uF","1"
"C28","0.1uF","1"
"C29","0.1uF","1"
"C30","0.1uF","1"
"C31","0.1uF","1"
"C32","0.1uF","1"
"C33","0.1uF","1"
"C34","0.1uF","1"
"C35","0.1uF","1"
"C36","0.1uF","1"
"C37","0.1uF","1"
"C38","0.1uF","1"
"C39","0.1uF","1"
"C40","0.1uF","1"
"C41","0.1uF","1"
"C42","0.1uF","1"
"C43","0.1uF","1"
"C44","0.1uF","1"
"C45","0.1uF","1"
"C46","0.1uF","1"
"C47","0.1uF","1"
"C48","0.1uF","1"
"C49","0.1uF","1"
"C50","0.1uF","1"
"C51","0.1uF","1"
"C52","0.1uF","1"
"C53","0.1uF","1"
"C54","0.1uF","1"
"C55","0.1uF","1"
"C56","0.1uF","1"
"C57","0.1uF","1"
"C58","0.1uF","1"
"C59","0.1uF","1"
"C60","0.1uF","1"
"C61","0.1uF","1"
"C62","0.1uF","1"
"C63","0.1uF","1"
"C64","0.1uF","1"
"C65","0.1uF","1"
"C66","0.1uF","1"
"C67","0.1uF","1"
"C68","0.1uF","1"
"C69","0.1uF","1"
"C70","0.1uF","1"
"C71","0.1uF","1"
"C72","0.1uF","1"
"C73","0.1uF","1"
"C74","0.1uF","1"
"C75","0.1uF","1"
"C76","0.1uF","1"
"C77","0.1uF","1"
"C78","0.1uF","1"
"C79","0.1uF","1"
"C80","0.1uF","1"
"C81","0.1uF","1"
"C82","0.1uF","1"
"C83","0.1uF","1"
"C84","0.1uF","1"
"C85","0.1uF","1"
"C86","0.1uF","1"
"C87","0.1uF","1"
"C88","0.1uF","1"
"C89","0.1uF","1"
"C90","0.1uF","1"
"C91","0.1uF","1"
"C92","0.1uF","1"
"C93","0.1uF","1"
"C94","0.1uF","1"
"C95","0.1uF","1"
"C96","0.1uF","1"
"C97","0.1uF","1"
"C98","0.1uF","1"
"C99","0.1uF","1"
"C100","0.1uF","1"
"C101","0.1uF","1"
"C102","0.1uF","1"
"C103","0.1uF","1"
"C104","0.1uF","1"
"C105","0.1uF","1"
"C106","0.1uF","1"
"C107","0.1uF","1"
"C108","0.1uF","1"
"C109","0.1uF","1"
"C110","0.1uF","1"
"C111","0.1uF","1"
"C112","0.1uF","1"
"C113","0.1uF","1"
"C114","0.1uF","1"
"C115","0.1uF","1"
"C116","0.1uF","1"
"C117","0.1uF","1"
"C118","0.1uF","1"
"C119","0.1uF","1"
"C120","0.1uF","1"
"C121","0.1uF","1"
"C122","0.1uF","1"
"D1","SML-E12M8WT86","1"
"D2","CUHS20S30","1"
"D3","WS2812B-2020","1"
"D4","WS2812B-2020","1"
"D5","WS2812B-2020","1"
"D6","WS2812B-2020","1"
"D7","WS2812B-2020","1"
"D8","WS2812B-2020","1"
"D9","WS2812B-2020","1"
"D10","WS2812B-2020","1"
"D11","WS2812B-2020","1"
"D12","WS2812B-2020","1"
"D13","WS2812B-2020","1"
"D14","WS2812B-2020","1"
"D15","WS2812B-2020","1"
"D16","WS2812B-2020","1"
"D17","WS2812B-2020","1"
"D18","WS2812B-2020","1"
"D19","WS2812B-2020","1"
"D20","WS2812B-2020","1"
"D21","WS2812B-2020","1"
"D22","WS2812B-2020","1"
"D23","WS2812B-2020","1"
"D24","WS2812B-2020","1"
"D25","WS2812B-2020","1"
"D26","WS2812B-2020","1"
"D27","WS2812B-2020","1"
"D28","WS2812B-2020","1"
"D29","WS2812B-2020","1"
"D30","WS2812B-2020","1"
"D31","WS2812B-2020","1"
"D32","WS2812B-2020","1"
"D33","WS2812B-2020","1"
"D34","WS2812B-2020","1"
"D35","WS2812B-2020","1"
"D36","WS2812B-2020","1"
"D37","WS2812B-2020","1"
"D38","WS2812B-2020","1"
"D39","WS2812B-2020","1"
"D40","WS2812B-2020","1"
"D41","WS2812B-2020","1"
"D42","WS2812B-2020","1"
"D43","WS2812B-2020","1"
"D44","WS2812B-2020","1"
"D45","WS2812B-2020","1"
"D46","WS2812B-2020","1"
"D47","WS2812B-2020","1"
"D48","WS2812B-2020","1"
"D49","WS2812B-2020","1"
"D50","WS2812B-2020","1"
"D51","WS2812B-2020","1"
"D52","WS2812B-2020","1"
"D53","WS2812B-2020","1"
"D54","WS2812B-2020","1"
"D55","WS2812B-2020","1"
"D56","WS2812B-2020","1"
"D57","WS2812B-2020","1"
"D58","WS2812B-2020","1"
"D59","WS2812B-2020","1"
"D60","WS2812B-2020","1"
"D61","WS2812B-2020","1"
"D62","WS2812B-2020","1"
"D63","WS2812B-2020","1"
"D64","WS2812B-2020","1"
"D65","WS2812B-2020","1"
"D66","WS2812B-2020","1"
"D67","WS2812B-2020","1"
"D68","WS2812B-2020","1"
"D69","WS2812B-2020","1"
"D70","WS2812B-2020","1"
"D71","WS2812B-2020","1"
"D72","WS2812B-2020","1"
"D73","WS2812B-2020","1"
"D74","WS2812B-2020","1"
"D75","WS2812B-2020","1"
"D76","WS2812B-2020","1"
"D77","WS2812B-2020","1"
"D78","WS2812B-2020","1"
"D79","WS2812B-2020","1"
"D80","WS2812B-2020","1"
"D81","WS2812B-2020","1"
"D82","WS2812B-2020","1"
"D83","WS2812B-2020","1"
"D84","WS2812B-2020","1"
"D85","WS2812B-2020","1"
"D86","WS2812B-2020","1"
"D87","WS2812B-2020","1"
"D88","WS2812B-2020","1"
"D89","WS2812B-2020","1"
"D90","WS2812B-2020","1"
"D91","WS2812B-2020","1"
"D92","WS2812B-2020","1"
"D93","WS2812B-2020","1"
"D94","WS2812B-2020","1"
"D95","WS2812B-2020","1"
"D96","WS2812B-2020","1"
"D97","WS2812B-2020","1"
"D98","WS2812B-2020","1"
"D99","WS2812B-2020","1"
"D100","WS2812B-2020","1"
"D101","WS2812B-2020","1"
"D102","WS2812B-2020","1"
"D103","WS2812B-2020","1"
"D104","WS2812B-2020","1"
"D105","WS2812B-2020","1"
"D106","WS2812B-2020","1"
"D107","WS2812B-2020","1"
"D108","WS2812B-2020","1"
"D109","WS2812B-2020","1"
"D110","WS2812B-2020","1"
"D111","WS2812B-2020","1"
"D112","WS2812B-2020","1"
"D113","WS2812B-2020","1"
"D114","WS2812B-2020","1"
"D115","WS2812B-2020","1"
"D116","WS2812B-2020","1"
"D117","WS2812B-2020","1"
"D118","WS2812B-2020","1"
"D119","WS2812B-2020","1"
"D120","WS2812B-2020","1"
"D121","WS2812B-2020","1"
"D122","WS2812B-2020","1"
"D123","WS2812B-2020","1"
"J1","MJ-179PH","1"
"R1","1k","1"
"R2","10k","1"
"R3","10k","1"
"U1","SN74HCT244PWR","1"
"U2","Raspberry Pi Pico W","1"
